-------------------------------------------------------------------------------
Test set: com.vytrack.runners.CukesRunner
-------------------------------------------------------------------------------
Tests run: 4, Failures: 1, Errors: 0, Skipped: 0, Time elapsed: 95.255 s <<< FAILURE! - in com.vytrack.runners.CukesRunner
Sales manager user(Account types)  Time elapsed: 27.758 s  <<< FAILURE!
java.lang.AssertionError

